2025-03-13 21:01:45,356 - bot - INFO - Пользователь anarchowitz пытается взять тикет ticket-28278 (tickets.py:371)
2025-03-13 21:02:28,644 - bot - INFO - Пользователь anarchowitz пытается взять тикет ticket-28279 (tickets.py:314)
2025-03-13 21:02:28,957 - bot - ERROR - Ошибка при взятии тикета ticket-28279: tuple index out of range (tickets.py:367)
2025-03-13 22:03:27,815 - bot - INFO - Пользователь anarchowitz пытается открыть тикет тикеты (tickets.py:190)
2025-03-13 22:03:34,559 - bot - INFO - Пользователь anarchowitz пытается открыть тикет тикеты (tickets.py:190)
2025-03-13 22:03:40,856 - bot - INFO - Пользователь anarchowitz пытается взять тикет ticket-28280 (tickets.py:318)
2025-03-13 22:03:41,234 - bot - ERROR - Ошибка при взятии тикета ticket-28280: tuple index out of range (tickets.py:371)
2025-03-13 22:04:18,201 - bot - INFO - Пользователь anarchowitz пытается открыть тикет тикеты (tickets.py:190)
2025-03-13 22:05:41,454 - bot - INFO - Пользователь anarchowitz пытается открыть тикет тикеты (tickets.py:190)
2025-03-13 22:05:46,491 - bot - INFO - Пользователь anarchowitz пытается взять тикет ticket-28282 (tickets.py:318)
2025-03-13 22:18:37,599 - bot - INFO - Пользователь anarchowitz пытается взять тикет anarcho-ticket-28282 (tickets.py:375)
2025-03-13 22:19:19,954 - bot - INFO - Пользователь anarchowitz пытается взять тикет anarcho-ticket-28282 (tickets.py:375)
2025-03-13 22:19:31,289 - bot - INFO - Пользователь anarchowitz пытается закрыть тикет с причиной anarcho-ticket-28282 (tickets.py:477)
2025-03-13 22:22:42,656 - bot - INFO - Пользователь anarchowitz пытается взять тикет anarcho-ticket-28282 (tickets.py:375)
2025-03-13 22:23:05,786 - bot - INFO - Пользователь anarchowitz пытается закрыть тикет с причиной anarcho-ticket-28282 (tickets.py:477)
2025-03-13 22:23:10,686 - bot - ERROR - Ошибка при закрытии тикета с причиной anarcho-ticket-28282: 404 Not Found (error code: 10062): Unknown interaction (tickets.py:570)
2025-03-13 22:30:23,588 - bot - INFO - Пользователь anarchowitz пытается открыть тикет тикеты (tickets.py:188)
2025-03-13 22:30:31,124 - bot - INFO - Пользователь anarchowitz пытается взять тикет ticket-28283 (tickets.py:316)
2025-03-13 22:30:33,963 - bot - INFO - Пользователь anarchowitz пытается взять тикет anarcho-ticket-28283 (tickets.py:373)
2025-03-13 22:31:37,491 - bot - INFO - Пользователь anarchowitz пытается взять тикет anarcho-ticket-28283 (tickets.py:372)
2025-03-13 22:31:44,309 - bot - INFO - Пользователь anarchowitz пытается закрыть тикет с причиной anarcho-ticket-28283 (tickets.py:474)
2025-03-13 22:32:45,501 - bot - INFO - Пользователь anarchowitz пытается открыть тикет тикеты (tickets.py:187)
2025-03-13 22:38:47,607 - bot - INFO - Пользователь anarchowitz пытается открыть тикет тикеты (tickets.py:187)
2025-03-13 22:38:54,536 - bot - INFO - Пользователь anarchowitz пытается открыть тикет тикеты (tickets.py:187)
2025-03-13 22:39:00,130 - bot - INFO - Пользователь anarchowitz пытается взять тикет ticket-28285 (tickets.py:315)
2025-03-13 22:39:02,007 - bot - INFO - Пользователь anarchowitz пытается взять тикет ticket-28285 (tickets.py:372)
2025-03-13 22:40:09,390 - bot - INFO - Пользователь anarchowitz пытается взять тикет anarcho-ticket-28285 (tickets.py:372)
2025-03-13 22:40:54,270 - bot - INFO - Пользователь anarchowitz пытается взять тикет anarcho-ticket-28285 (tickets.py:372)
2025-03-13 22:42:28,925 - bot - INFO - Пользователь anarchowitz пытается открыть тикет тикеты (tickets.py:187)
2025-03-13 22:42:36,586 - bot - INFO - Пользователь anarchowitz пытается закрыть тикет с причиной anarcho-ticket-28285 (tickets.py:474)
2025-03-13 22:43:57,149 - bot - INFO - Пользователь anarchowitz подтвердил закрытие тикета anarcho-ticket-28285 (tickets.py:395)
